\\FILESTORAGE1.BTH.SE\PROFILE\RATI10\DESKTOP\SMART\DEBUG\SMART.EXE
\\FILESTORAGE1.BTH.SE\PROFILE\RATI10\DESKTOP\SMART\DEBUG\SMART.ILK
\\FILESTORAGE1.BTH.SE\PROFILE\RATI10\DESKTOP\SMART\DEBUG\SMART.PDB
\\FILESTORAGE1.BTH.SE\PROFILE\RATI10\DESKTOP\SMART\SMART\DEBUG\ARMOR.OBJ
\\FILESTORAGE1.BTH.SE\PROFILE\RATI10\DESKTOP\SMART\SMART\DEBUG\BASESCREEN.OBJ
\\FILESTORAGE1.BTH.SE\PROFILE\RATI10\DESKTOP\SMART\SMART\DEBUG\BODY.OBJ
\\FILESTORAGE1.BTH.SE\PROFILE\RATI10\DESKTOP\SMART\SMART\DEBUG\GAMESCREEN.OBJ
\\FILESTORAGE1.BTH.SE\PROFILE\RATI10\DESKTOP\SMART\SMART\DEBUG\HEAD.OBJ
\\FILESTORAGE1.BTH.SE\PROFILE\RATI10\DESKTOP\SMART\SMART\DEBUG\LEGS.OBJ
\\FILESTORAGE1.BTH.SE\PROFILE\RATI10\DESKTOP\SMART\SMART\DEBUG\MAIN.OBJ
\\FILESTORAGE1.BTH.SE\PROFILE\RATI10\DESKTOP\SMART\SMART\DEBUG\MENUSCREEN.OBJ
\\FILESTORAGE1.BTH.SE\PROFILE\RATI10\DESKTOP\SMART\SMART\DEBUG\PLAYER.OBJ
\\FILESTORAGE1.BTH.SE\PROFILE\RATI10\DESKTOP\SMART\SMART\DEBUG\PLAYERS.OBJ
\\FILESTORAGE1.BTH.SE\PROFILE\RATI10\DESKTOP\SMART\SMART\DEBUG\SCREENHANDLER.OBJ
\\FILESTORAGE1.BTH.SE\PROFILE\RATI10\DESKTOP\SMART\SMART\DEBUG\SMART.EXE.INTERMEDIATE.MANIFEST
\\FILESTORAGE1.BTH.SE\PROFILE\RATI10\DESKTOP\SMART\SMART\DEBUG\SMARTOBJECT.OBJ
\\FILESTORAGE1.BTH.SE\PROFILE\RATI10\DESKTOP\SMART\SMART\DEBUG\SOCKS.OBJ
\\FILESTORAGE1.BTH.SE\PROFILE\RATI10\DESKTOP\SMART\SMART\DEBUG\VC100.PDB
\\FILESTORAGE1.BTH.SE\PROFILE\RATI10\DESKTOP\SMART\SMART\DEBUG\WEAPON.OBJ
\\FILESTORAGE1.BTH.SE\PROFILE\RATI10\DESKTOP\SMART\SMART\DEBUG\ZOMBIE.OBJ
C:\SMaRT\SMaRT\Debug\SMaRT.exe
C:\SMaRT\SMaRT\Debug\SMaRT.ilk
C:\SMaRT\SMaRT\Debug\SMaRT.pdb
C:\SMART\SMART\SMART\DEBUG\ARMOR.OBJ
C:\SMART\SMART\SMART\DEBUG\BASESCREEN.OBJ
C:\SMART\SMART\SMART\DEBUG\BODY.OBJ
C:\SMaRT\SMaRT\SMaRT\Debug\cl.command.1.tlog
C:\SMaRT\SMaRT\SMaRT\Debug\CL.read.1.tlog
C:\SMaRT\SMaRT\SMaRT\Debug\CL.write.1.tlog
C:\SMART\SMART\SMART\DEBUG\ENTITY.OBJ
C:\SMART\SMART\SMART\DEBUG\GAMESCREEN.OBJ
C:\SMART\SMART\SMART\DEBUG\HEAD.OBJ
C:\SMART\SMART\SMART\DEBUG\LEGS.OBJ
C:\SMaRT\SMaRT\SMaRT\Debug\link.command.1.tlog
C:\SMaRT\SMaRT\SMaRT\Debug\link.read.1.tlog
C:\SMaRT\SMaRT\SMaRT\Debug\link.write.1.tlog
C:\SMART\SMART\SMART\DEBUG\MAIN.OBJ
C:\SMART\SMART\SMART\DEBUG\MENUSCREEN.OBJ
C:\SMaRT\SMaRT\SMaRT\Debug\mt.command.1.tlog
C:\SMaRT\SMaRT\SMaRT\Debug\mt.read.1.tlog
C:\SMaRT\SMaRT\SMaRT\Debug\mt.write.1.tlog
C:\SMART\SMART\SMART\DEBUG\SCREENHANDLER.OBJ
C:\SMaRT\SMaRT\SMaRT\Debug\SMaRT.exe.intermediate.manifest
C:\SMART\SMART\SMART\DEBUG\SMARTOBJECT.OBJ
C:\SMART\SMART\SMART\DEBUG\SOCKS.OBJ
C:\SMaRT\SMaRT\SMaRT\Debug\vc100.idb
C:\SMART\SMART\SMART\DEBUG\VC100.PDB
C:\SMART\SMART\SMART\DEBUG\WEAPON.OBJ
