Build started 2012-06-27 16:20:57.
     1>Project "C:\SMaRT\SMaRT\SMaRT\SMaRT.vcxproj" on node 2 (build target(s)).
     1>InitializeBuildStatus:
         Creating "Debug\SMaRT.unsuccessfulbuild" because "AlwaysCreate" was specified.
       ClCompile:
         c:\Program Files (x86)\Microsoft Visual Studio 10.0\VC\bin\CL.exe /c /ZI /nologo /W3 /WX- /Od /Oy- /D _MBCS /Gm /EHsc /RTC1 /MDd /GS /fp:precise /Zc:wchar_t /Zc:forScope /Fo"Debug\\" /Fd"Debug\vc100.pdb" /Gd /TP /analyze- /errorReport:prompt Entity.cpp GameObject.cpp Main.cpp Player.cpp Projectile.cpp SMaRTObject.cpp Zombie.cpp
         SMaRTObject.cpp
         Main.cpp
         Entity.cpp
         Generating Code...
         Compiling...
         Zombie.cpp
         Projectile.cpp
         Player.cpp
         GameObject.cpp
         Generating Code...
       Link:
         c:\Program Files (x86)\Microsoft Visual Studio 10.0\VC\bin\link.exe /ERRORREPORT:PROMPT /OUT:"C:\SMaRT\SMaRT\Debug\SMaRT.exe" /NOLOGO hge.lib hgehelp.lib kernel32.lib user32.lib gdi32.lib winspool.lib comdlg32.lib advapi32.lib shell32.lib ole32.lib oleaut32.lib uuid.lib odbc32.lib odbccp32.lib /NODEFAULTLIB:LIBC.lib /MANIFEST /ManifestFile:"Debug\SMaRT.exe.intermediate.manifest" /MANIFESTUAC:"level='asInvoker' uiAccess='false'" /DEBUG /PDB:"C:\SMaRT\SMaRT\Debug\SMaRT.pdb" /TLBID:1 /DYNAMICBASE /NXCOMPAT /IMPLIB:"C:\SMaRT\SMaRT\Debug\SMaRT.lib" /MACHINE:X86 Debug\Armor.obj
         Debug\BaseScreen.obj
         Debug\body.obj
         Debug\GameObject.obj
         Debug\GameScreen.obj
         Debug\Head.obj
         Debug\legs.obj
         Debug\Main.obj
         Debug\MenuScreen.obj
         Debug\Player.obj
         Debug\Entity.obj
         Debug\Projectile.obj
         Debug\ScreenHandler.obj
         Debug\SMaRTObject.obj
         Debug\socks.obj
         Debug\Weapon.obj
         Debug\Zombie.obj
         LINK : C:\SMaRT\SMaRT\Debug\SMaRT.exe not found or not built by the last incremental link; performing full link
         SMaRT.vcxproj -> C:\SMaRT\SMaRT\Debug\SMaRT.exe
       Manifest:
         C:\Program Files (x86)\Microsoft SDKs\Windows\v7.0A\bin\mt.exe /nologo /verbose /outputresource:"C:\SMaRT\SMaRT\Debug\SMaRT.exe;#1" /manifest Debug\SMaRT.exe.intermediate.manifest
       FinalizeBuildStatus:
         Deleting file "Debug\SMaRT.unsuccessfulbuild".
         Touching "Debug\SMaRT.lastbuildstate".
     1>Done Building Project "C:\SMaRT\SMaRT\SMaRT\SMaRT.vcxproj" (build target(s)).

Build succeeded.

Time Elapsed 00:00:03.09
